time="2025-06-09T19:38:43+07:00" level=info msg="Create Service and Handler" func="main.main()" file="main.go:\x19"
time="2025-06-09T19:38:43+07:00" level=info msg="Create complited" func="main.main()" file="main.go:\x1c"
time="2025-06-09T19:38:43+07:00" level=info msg="Registered handlers" func="main.main()" file="main.go: "
time="2025-06-09T19:38:43+07:00" level=info msg="Init listner" func="main.start()" file="main.go:)"
time="2025-06-09T21:45:33+07:00" level=info msg="Create Service and Handler" func="main.main()" file="main.go:\x19"
time="2025-06-09T21:45:33+07:00" level=info msg="Create complited" func="main.main()" file="main.go:\x1c"
time="2025-06-09T21:45:33+07:00" level=info msg="Registered handlers" func="main.main()" file="main.go: "
time="2025-06-09T21:45:33+07:00" level=info msg="Init listner" func="main.start()" file="main.go:)"
time="2025-06-09T21:46:00+07:00" level=info msg="Start a create of task" func="task.(*taskHandler).CreateTask()" file="handler.go:!"
time="2025-06-09T21:46:00+07:00" level=info msg="Creation completed" func="task.(*taskHandler).CreateTask()" file="handler.go:("
time="2025-06-09T21:46:07+07:00" level=info msg="Get task by ID" func="task.(*taskHandler).GetTaskByID()" file="handler.go:0"
time="2025-06-09T21:46:07+07:00" level=info msg="Receipt completed" func="task.(*taskHandler).GetTaskByID()" file="handler.go:7"
time="2025-06-09T21:46:07+07:00" level=info msg="Transform task from struct to json" func="task.(*taskHandler).GetTaskByID()" file="handler.go:9"
time="2025-06-09T21:46:07+07:00" level=info msg="Transform complited" func="task.(*taskHandler).GetTaskByID()" file="handler.go:@"
time="2025-06-09T21:51:39+07:00" level=info msg="Create Service and Handler" func="main.main()" file="main.go:\x19"
time="2025-06-09T21:51:39+07:00" level=info msg="Create complited" func="main.main()" file="main.go:\x1c"
time="2025-06-09T21:51:39+07:00" level=info msg="Registered handlers" func="main.main()" file="main.go: "
time="2025-06-09T21:51:39+07:00" level=info msg="Init listner" func="main.start()" file="main.go:)"
time="2025-06-09T21:52:15+07:00" level=info msg="Start a create of task" func="task.(*taskHandler).CreateTask()" file="handler.go:!"
time="2025-06-09T21:52:15+07:00" level=info msg="Creation completed" func="task.(*taskHandler).CreateTask()" file="handler.go:("
time="2025-06-09T21:52:21+07:00" level=info msg="Get task by ID" func="task.(*taskHandler).GetTaskByID()" file="handler.go:0"
time="2025-06-09T21:52:21+07:00" level=info msg="Receipt completed" func="task.(*taskHandler).GetTaskByID()" file="handler.go:7"
time="2025-06-09T21:52:21+07:00" level=info msg="Transform task from struct to json" func="task.(*taskHandler).GetTaskByID()" file="handler.go:9"
time="2025-06-09T21:52:21+07:00" level=info msg="Transform complited" func="task.(*taskHandler).GetTaskByID()" file="handler.go:@"
time="2025-06-09T21:52:30+07:00" level=info msg="Start delete task by ID" func="task.(*taskHandler).DeleteTaskByID()" file="handler.go:I"
time="2025-06-09T21:53:30+07:00" level=info msg="Create Service and Handler" func="main.main()" file="main.go:\x19"
time="2025-06-09T21:53:30+07:00" level=info msg="Create complited" func="main.main()" file="main.go:\x1c"
time="2025-06-09T21:53:30+07:00" level=info msg="Registered handlers" func="main.main()" file="main.go: "
time="2025-06-09T21:53:30+07:00" level=info msg="Init listner" func="main.start()" file="main.go:)"
time="2025-06-09T21:53:42+07:00" level=info msg="Start a create of task" func="task.(*taskHandler).CreateTask()" file="handler.go:!"
time="2025-06-09T21:53:42+07:00" level=info msg="Creation completed" func="task.(*taskHandler).CreateTask()" file="handler.go:("
time="2025-06-09T21:53:47+07:00" level=info msg="Get task by ID" func="task.(*taskHandler).GetTaskByID()" file="handler.go:0"
time="2025-06-09T21:53:47+07:00" level=info msg="Receipt completed" func="task.(*taskHandler).GetTaskByID()" file="handler.go:7"
time="2025-06-09T21:53:47+07:00" level=info msg="Transform task from struct to json" func="task.(*taskHandler).GetTaskByID()" file="handler.go:9"
time="2025-06-09T21:53:47+07:00" level=info msg="Transform complited" func="task.(*taskHandler).GetTaskByID()" file="handler.go:@"
time="2025-06-09T21:53:54+07:00" level=info msg="Start delete task by ID" func="task.(*taskHandler).DeleteTaskByID()" file="handler.go:I"
time="2025-06-09T21:54:44+07:00" level=info msg="Create Service and Handler" func="main.main()" file="main.go:\x19"
time="2025-06-09T21:54:44+07:00" level=info msg="Create complited" func="main.main()" file="main.go:\x1c"
time="2025-06-09T21:54:44+07:00" level=info msg="Registered handlers" func="main.main()" file="main.go: "
time="2025-06-09T21:54:44+07:00" level=info msg="Init listner" func="main.start()" file="main.go:)"
time="2025-06-09T21:54:54+07:00" level=info msg="Start a create of task" func="task.(*taskHandler).CreateTask()" file="handler.go:!"
time="2025-06-09T21:54:54+07:00" level=info msg="Creation completed" func="task.(*taskHandler).CreateTask()" file="handler.go:("
time="2025-06-09T21:55:00+07:00" level=info msg="Get task by ID" func="task.(*taskHandler).GetTaskByID()" file="handler.go:0"
time="2025-06-09T21:55:00+07:00" level=info msg="Receipt completed" func="task.(*taskHandler).GetTaskByID()" file="handler.go:7"
time="2025-06-09T21:55:00+07:00" level=info msg="Transform task from struct to json" func="task.(*taskHandler).GetTaskByID()" file="handler.go:9"
time="2025-06-09T21:55:00+07:00" level=info msg="Transform complited" func="task.(*taskHandler).GetTaskByID()" file="handler.go:@"
time="2025-06-09T21:55:05+07:00" level=info msg="Start delete task by ID" func="task.(*taskHandler).DeleteTaskByID()" file="handler.go:I"
time="2025-06-09T21:57:54+07:00" level=info msg="Delete complited" func="task.(*taskHandler).DeleteTaskByID()" file="handler.go:P"
time="2025-06-09T22:00:06+07:00" level=info msg="Create Service and Handler" func="main.main()" file="main.go:\x19"
time="2025-06-09T22:00:06+07:00" level=info msg="Create complited" func="main.main()" file="main.go:\x1c"
time="2025-06-09T22:00:06+07:00" level=info msg="Registered handlers" func="main.main()" file="main.go: "
time="2025-06-09T22:00:06+07:00" level=info msg="Init listner" func="main.start()" file="main.go:)"
time="2025-06-09T22:00:18+07:00" level=info msg="Start a create of task" func="task.(*taskHandler).CreateTask()" file="handler.go:!"
time="2025-06-09T22:00:18+07:00" level=info msg="Creation completed" func="task.(*taskHandler).CreateTask()" file="handler.go:("
time="2025-06-09T22:00:23+07:00" level=info msg="Get task by ID" func="task.(*taskHandler).GetTaskByID()" file="handler.go:0"
time="2025-06-09T22:00:23+07:00" level=info msg="Receipt completed" func="task.(*taskHandler).GetTaskByID()" file="handler.go:7"
time="2025-06-09T22:00:23+07:00" level=info msg="Transform task from struct to json" func="task.(*taskHandler).GetTaskByID()" file="handler.go:9"
time="2025-06-09T22:00:23+07:00" level=info msg="Transform complited" func="task.(*taskHandler).GetTaskByID()" file="handler.go:@"
time="2025-06-09T22:00:29+07:00" level=info msg="Start delete task by ID" func="task.(*taskHandler).DeleteTaskByID()" file="handler.go:I"
time="2025-06-09T22:00:29+07:00" level=error msg="Task is running, wait some times" func="task.(*taskHandler).DeleteTaskByID()" file="handler.go:L"
time="2025-06-09T22:00:40+07:00" level=info msg="Get task by ID" func="task.(*taskHandler).GetTaskByID()" file="handler.go:0"
time="2025-06-09T22:00:40+07:00" level=info msg="Receipt completed" func="task.(*taskHandler).GetTaskByID()" file="handler.go:7"
time="2025-06-09T22:00:40+07:00" level=info msg="Transform task from struct to json" func="task.(*taskHandler).GetTaskByID()" file="handler.go:9"
time="2025-06-09T22:00:40+07:00" level=info msg="Transform complited" func="task.(*taskHandler).GetTaskByID()" file="handler.go:@"
time="2025-06-09T22:01:51+07:00" level=info msg="Start delete task by ID" func="task.(*taskHandler).DeleteTaskByID()" file="handler.go:I"
time="2025-06-09T22:01:51+07:00" level=error msg="Task is running, wait some times" func="task.(*taskHandler).DeleteTaskByID()" file="handler.go:L"
time="2025-06-09T22:02:29+07:00" level=info msg="Create Service and Handler" func="main.main()" file="main.go:\x19"
time="2025-06-09T22:02:29+07:00" level=info msg="Create complited" func="main.main()" file="main.go:\x1c"
time="2025-06-09T22:02:29+07:00" level=info msg="Registered handlers" func="main.main()" file="main.go: "
time="2025-06-09T22:02:29+07:00" level=info msg="Init listner" func="main.start()" file="main.go:)"
time="2025-06-09T22:02:39+07:00" level=info msg="Start a create of task" func="task.(*taskHandler).CreateTask()" file="handler.go:!"
time="2025-06-09T22:02:39+07:00" level=info msg="Creation completed" func="task.(*taskHandler).CreateTask()" file="handler.go:("
time="2025-06-09T22:02:44+07:00" level=info msg="Get task by ID" func="task.(*taskHandler).GetTaskByID()" file="handler.go:0"
time="2025-06-09T22:02:44+07:00" level=info msg="Receipt completed" func="task.(*taskHandler).GetTaskByID()" file="handler.go:7"
time="2025-06-09T22:02:44+07:00" level=info msg="Transform task from struct to json" func="task.(*taskHandler).GetTaskByID()" file="handler.go:9"
time="2025-06-09T22:02:44+07:00" level=info msg="Transform complited" func="task.(*taskHandler).GetTaskByID()" file="handler.go:@"
time="2025-06-09T22:02:50+07:00" level=info msg="Start delete task by ID" func="task.(*taskHandler).DeleteTaskByID()" file="handler.go:I"
time="2025-06-09T22:02:50+07:00" level=error msg="Task is running, wait some times" func="task.(*taskHandler).DeleteTaskByID()" file="handler.go:L"
time="2025-06-09T22:02:56+07:00" level=info msg="Get task by ID" func="task.(*taskHandler).GetTaskByID()" file="handler.go:0"
time="2025-06-09T22:02:56+07:00" level=info msg="Receipt completed" func="task.(*taskHandler).GetTaskByID()" file="handler.go:7"
time="2025-06-09T22:02:56+07:00" level=info msg="Transform task from struct to json" func="task.(*taskHandler).GetTaskByID()" file="handler.go:9"
time="2025-06-09T22:02:56+07:00" level=info msg="Transform complited" func="task.(*taskHandler).GetTaskByID()" file="handler.go:@"
time="2025-06-09T22:04:31+07:00" level=info msg="Get task by ID" func="task.(*taskHandler).GetTaskByID()" file="handler.go:0"
time="2025-06-09T22:04:31+07:00" level=info msg="Receipt completed" func="task.(*taskHandler).GetTaskByID()" file="handler.go:7"
time="2025-06-09T22:04:31+07:00" level=info msg="Transform task from struct to json" func="task.(*taskHandler).GetTaskByID()" file="handler.go:9"
time="2025-06-09T22:04:31+07:00" level=info msg="Transform complited" func="task.(*taskHandler).GetTaskByID()" file="handler.go:@"
time="2025-06-09T22:04:50+07:00" level=info msg="Get task by ID" func="task.(*taskHandler).GetTaskByID()" file="handler.go:0"
time="2025-06-09T22:04:50+07:00" level=info msg="Receipt completed" func="task.(*taskHandler).GetTaskByID()" file="handler.go:7"
time="2025-06-09T22:04:50+07:00" level=info msg="Transform task from struct to json" func="task.(*taskHandler).GetTaskByID()" file="handler.go:9"
time="2025-06-09T22:04:50+07:00" level=info msg="Transform complited" func="task.(*taskHandler).GetTaskByID()" file="handler.go:@"
time="2025-06-09T22:04:55+07:00" level=info msg="Get task by ID" func="task.(*taskHandler).GetTaskByID()" file="handler.go:0"
time="2025-06-09T22:04:55+07:00" level=info msg="Receipt completed" func="task.(*taskHandler).GetTaskByID()" file="handler.go:7"
time="2025-06-09T22:04:55+07:00" level=info msg="Transform task from struct to json" func="task.(*taskHandler).GetTaskByID()" file="handler.go:9"
time="2025-06-09T22:04:55+07:00" level=info msg="Transform complited" func="task.(*taskHandler).GetTaskByID()" file="handler.go:@"
time="2025-06-09T22:06:06+07:00" level=info msg="Get task by ID" func="task.(*taskHandler).GetTaskByID()" file="handler.go:0"
time="2025-06-09T22:06:06+07:00" level=info msg="Receipt completed" func="task.(*taskHandler).GetTaskByID()" file="handler.go:7"
time="2025-06-09T22:06:06+07:00" level=info msg="Transform task from struct to json" func="task.(*taskHandler).GetTaskByID()" file="handler.go:9"
time="2025-06-09T22:06:06+07:00" level=info msg="Transform complited" func="task.(*taskHandler).GetTaskByID()" file="handler.go:@"
time="2025-06-09T22:06:17+07:00" level=info msg="Start delete task by ID" func="task.(*taskHandler).DeleteTaskByID()" file="handler.go:I"
time="2025-06-09T22:06:17+07:00" level=info msg="Delete complited" func="task.(*taskHandler).DeleteTaskByID()" file="handler.go:Q"
time="2025-06-09T22:06:20+07:00" level=info msg="Get task by ID" func="task.(*taskHandler).GetTaskByID()" file="handler.go:0"
time="2025-06-09T22:06:20+07:00" level=error msg="Task not found" func="task.(*taskHandler).GetTaskByID()" file="handler.go:3"
time="2025-06-09T22:06:35+07:00" level=info msg="Start a create of task" func="task.(*taskHandler).CreateTask()" file="handler.go:!"
time="2025-06-09T22:06:35+07:00" level=info msg="Creation completed" func="task.(*taskHandler).CreateTask()" file="handler.go:("
time="2025-06-09T22:06:44+07:00" level=info msg="Get task by ID" func="task.(*taskHandler).GetTaskByID()" file="handler.go:0"
time="2025-06-09T22:06:44+07:00" level=info msg="Receipt completed" func="task.(*taskHandler).GetTaskByID()" file="handler.go:7"
time="2025-06-09T22:06:44+07:00" level=info msg="Transform task from struct to json" func="task.(*taskHandler).GetTaskByID()" file="handler.go:9"
time="2025-06-09T22:06:44+07:00" level=info msg="Transform complited" func="task.(*taskHandler).GetTaskByID()" file="handler.go:@"
time="2025-06-09T22:07:03+07:00" level=info msg="Start a create of task" func="task.(*taskHandler).CreateTask()" file="handler.go:!"
time="2025-06-09T22:07:03+07:00" level=info msg="Creation completed" func="task.(*taskHandler).CreateTask()" file="handler.go:("
time="2025-06-09T22:07:23+07:00" level=info msg="Get task by ID" func="task.(*taskHandler).GetTaskByID()" file="handler.go:0"
time="2025-06-09T22:07:23+07:00" level=info msg="Receipt completed" func="task.(*taskHandler).GetTaskByID()" file="handler.go:7"
time="2025-06-09T22:07:23+07:00" level=info msg="Transform task from struct to json" func="task.(*taskHandler).GetTaskByID()" file="handler.go:9"
time="2025-06-09T22:07:23+07:00" level=info msg="Transform complited" func="task.(*taskHandler).GetTaskByID()" file="handler.go:@"
time="2025-06-09T22:07:31+07:00" level=info msg="Get task by ID" func="task.(*taskHandler).GetTaskByID()" file="handler.go:0"
time="2025-06-09T22:07:31+07:00" level=info msg="Receipt completed" func="task.(*taskHandler).GetTaskByID()" file="handler.go:7"
time="2025-06-09T22:07:31+07:00" level=info msg="Transform task from struct to json" func="task.(*taskHandler).GetTaskByID()" file="handler.go:9"
time="2025-06-09T22:07:31+07:00" level=info msg="Transform complited" func="task.(*taskHandler).GetTaskByID()" file="handler.go:@"
time="2025-06-09T22:07:53+07:00" level=info msg="Get task by ID" func="task.(*taskHandler).GetTaskByID()" file="handler.go:0"
time="2025-06-09T22:07:53+07:00" level=info msg="Receipt completed" func="task.(*taskHandler).GetTaskByID()" file="handler.go:7"
time="2025-06-09T22:07:53+07:00" level=info msg="Transform task from struct to json" func="task.(*taskHandler).GetTaskByID()" file="handler.go:9"
time="2025-06-09T22:07:53+07:00" level=info msg="Transform complited" func="task.(*taskHandler).GetTaskByID()" file="handler.go:@"
time="2025-06-09T22:08:02+07:00" level=info msg="Get task by ID" func="task.(*taskHandler).GetTaskByID()" file="handler.go:0"
time="2025-06-09T22:08:02+07:00" level=info msg="Receipt completed" func="task.(*taskHandler).GetTaskByID()" file="handler.go:7"
time="2025-06-09T22:08:02+07:00" level=info msg="Transform task from struct to json" func="task.(*taskHandler).GetTaskByID()" file="handler.go:9"
time="2025-06-09T22:08:02+07:00" level=info msg="Transform complited" func="task.(*taskHandler).GetTaskByID()" file="handler.go:@"
time="2025-06-09T22:08:05+07:00" level=info msg="Get task by ID" func="task.(*taskHandler).GetTaskByID()" file="handler.go:0"
time="2025-06-09T22:08:05+07:00" level=info msg="Receipt completed" func="task.(*taskHandler).GetTaskByID()" file="handler.go:7"
time="2025-06-09T22:08:05+07:00" level=info msg="Transform task from struct to json" func="task.(*taskHandler).GetTaskByID()" file="handler.go:9"
time="2025-06-09T22:08:05+07:00" level=info msg="Transform complited" func="task.(*taskHandler).GetTaskByID()" file="handler.go:@"
time="2025-06-09T22:08:31+07:00" level=info msg="Start delete task by ID" func="task.(*taskHandler).DeleteTaskByID()" file="handler.go:I"
time="2025-06-09T22:08:31+07:00" level=error msg="Task is running, wait some times" func="task.(*taskHandler).DeleteTaskByID()" file="handler.go:L"
time="2025-06-09T22:08:34+07:00" level=info msg="Get task by ID" func="task.(*taskHandler).GetTaskByID()" file="handler.go:0"
time="2025-06-09T22:08:34+07:00" level=info msg="Receipt completed" func="task.(*taskHandler).GetTaskByID()" file="handler.go:7"
time="2025-06-09T22:08:34+07:00" level=info msg="Transform task from struct to json" func="task.(*taskHandler).GetTaskByID()" file="handler.go:9"
time="2025-06-09T22:08:34+07:00" level=info msg="Transform complited" func="task.(*taskHandler).GetTaskByID()" file="handler.go:@"
time="2025-06-09T22:25:13+07:00" level=info msg="Create Service and Handler" func="main.main()" file="main.go:\x19"
time="2025-06-09T22:25:13+07:00" level=info msg="Create complited" func="main.main()" file="main.go:\x1c"
time="2025-06-09T22:25:13+07:00" level=info msg="Registered handlers" func="main.main()" file="main.go: "
time="2025-06-09T22:25:13+07:00" level=info msg="Init listner" func="main.start()" file="main.go:)"
